{
  "C:\\Users\\BAHAR\\OneDrive\\Masaüstü\\github2\\Open-File-Box\\ui\\postcss.config.js": {
    "path": "C:\\Users\\BAHAR\\OneDrive\\Masaüstü\\github2\\Open-File-Box\\ui\\postcss.config.js",
    "all": true,
    "statementMap": {
      "0": {
        "start": { "line": 1, "column": 0 },
        "end": { "line": 1, "column": 16 }
      },
      "1": {
        "start": { "line": 2, "column": 0 },
        "end": { "line": 2, "column": 12 }
      },
      "2": {
        "start": { "line": 3, "column": 0 },
        "end": { "line": 3, "column": 20 }
      },
      "3": {
        "start": { "line": 4, "column": 0 },
        "end": { "line": 4, "column": 21 }
      },
      "4": {
        "start": { "line": 5, "column": 0 },
        "end": { "line": 5, "column": 4 }
      },
      "5": {
        "start": { "line": 6, "column": 0 },
        "end": { "line": 6, "column": 1 }
      }
    },
    "s": { "0": 0, "1": 0, "2": 0, "3": 0, "4": 0, "5": 0 },
    "branchMap": {
      "0": {
        "type": "branch",
        "line": 1,
        "loc": {
          "start": { "line": 1, "column": 0 },
          "end": { "line": 6, "column": -11 }
        },
        "locations": [
          {
            "start": { "line": 1, "column": 0 },
            "end": { "line": 6, "column": -11 }
          }
        ]
      }
    },
    "b": { "0": [0] },
    "fnMap": {
      "0": {
        "name": "(empty-report)",
        "decl": {
          "start": { "line": 1, "column": 0 },
          "end": { "line": 6, "column": -11 }
        },
        "loc": {
          "start": { "line": 1, "column": 0 },
          "end": { "line": 6, "column": -11 }
        },
        "line": 1
      }
    },
    "f": { "0": 0 }
  },
  "C:\\Users\\BAHAR\\OneDrive\\Masaüstü\\github2\\Open-File-Box\\ui\\tailwind.config.js": {
    "path": "C:\\Users\\BAHAR\\OneDrive\\Masaüstü\\github2\\Open-File-Box\\ui\\tailwind.config.js",
    "all": true,
    "statementMap": {
      "0": {
        "start": { "line": 1, "column": 0 },
        "end": { "line": 1, "column": 43 }
      },
      "1": {
        "start": { "line": 2, "column": 0 },
        "end": { "line": 2, "column": 16 }
      },
      "2": {
        "start": { "line": 3, "column": 0 },
        "end": { "line": 3, "column": 12 }
      },
      "3": {
        "start": { "line": 4, "column": 0 },
        "end": { "line": 4, "column": 19 }
      },
      "4": {
        "start": { "line": 5, "column": 0 },
        "end": { "line": 5, "column": 33 }
      },
      "5": {
        "start": { "line": 6, "column": 0 },
        "end": { "line": 6, "column": 4 }
      },
      "6": {
        "start": { "line": 7, "column": 0 },
        "end": { "line": 7, "column": 10 }
      },
      "7": {
        "start": { "line": 8, "column": 0 },
        "end": { "line": 8, "column": 13 }
      },
      "8": {
        "start": { "line": 9, "column": 0 },
        "end": { "line": 9, "column": 5 }
      },
      "9": {
        "start": { "line": 10, "column": 0 },
        "end": { "line": 10, "column": 6 }
      },
      "10": {
        "start": { "line": 11, "column": 0 },
        "end": { "line": 11, "column": 4 }
      },
      "11": {
        "start": { "line": 12, "column": 0 },
        "end": { "line": 12, "column": 14 }
      },
      "12": {
        "start": { "line": 13, "column": 0 },
        "end": { "line": 13, "column": 1 }
      }
    },
    "s": {
      "0": 0,
      "1": 0,
      "2": 0,
      "3": 0,
      "4": 0,
      "5": 0,
      "6": 0,
      "7": 0,
      "8": 0,
      "9": 0,
      "10": 0,
      "11": 0,
      "12": 0
    },
    "branchMap": {
      "0": {
        "type": "branch",
        "line": 1,
        "loc": {
          "start": { "line": 1, "column": 0 },
          "end": { "line": 13, "column": -13 }
        },
        "locations": [
          {
            "start": { "line": 1, "column": 0 },
            "end": { "line": 13, "column": -13 }
          }
        ]
      }
    },
    "b": { "0": [0] },
    "fnMap": {
      "0": {
        "name": "(empty-report)",
        "decl": {
          "start": { "line": 1, "column": 0 },
          "end": { "line": 13, "column": -13 }
        },
        "loc": {
          "start": { "line": 1, "column": 0 },
          "end": { "line": 13, "column": -13 }
        },
        "line": 1
      }
    },
    "f": { "0": 0 }
  },
  "C:\\Users\\BAHAR\\OneDrive\\Masaüstü\\github2\\Open-File-Box\\ui\\src\\App.tsx": {
    "path": "C:\\Users\\BAHAR\\OneDrive\\Masaüstü\\github2\\Open-File-Box\\ui\\src\\App.tsx",
    "all": true,
    "statementMap": {
      "0": {
        "start": { "line": 1, "column": 0 },
        "end": { "line": 1, "column": 19 }
      },
      "1": {
        "start": { "line": 2, "column": 0 },
        "end": { "line": 2, "column": 43 }
      },
      "3": {
        "start": { "line": 4, "column": 0 },
        "end": { "line": 4, "column": 16 }
      },
      "4": {
        "start": { "line": 5, "column": 0 },
        "end": { "line": 5, "column": 10 }
      },
      "5": {
        "start": { "line": 6, "column": 0 },
        "end": { "line": 6, "column": 31 }
      },
      "6": {
        "start": { "line": 7, "column": 0 },
        "end": { "line": 7, "column": 17 }
      },
      "7": {
        "start": { "line": 8, "column": 0 },
        "end": { "line": 8, "column": 32 }
      },
      "8": {
        "start": { "line": 9, "column": 0 },
        "end": { "line": 9, "column": 29 }
      },
      "9": {
        "start": { "line": 10, "column": 0 },
        "end": { "line": 10, "column": 45 }
      },
      "10": {
        "start": { "line": 11, "column": 0 },
        "end": { "line": 11, "column": 13 }
      },
      "11": {
        "start": { "line": 12, "column": 0 },
        "end": { "line": 12, "column": 10 }
      },
      "13": {
        "start": { "line": 14, "column": 0 },
        "end": { "line": 14, "column": 1 }
      },
      "15": {
        "start": { "line": 16, "column": 0 },
        "end": { "line": 16, "column": 19 }
      }
    },
    "s": {
      "0": 0,
      "1": 0,
      "3": 0,
      "4": 0,
      "5": 0,
      "6": 0,
      "7": 0,
      "8": 0,
      "9": 0,
      "10": 0,
      "11": 0,
      "13": 0,
      "15": 0
    },
    "branchMap": {
      "0": {
        "type": "branch",
        "line": 1,
        "loc": {
          "start": { "line": 1, "column": 0 },
          "end": { "line": 16, "column": -217 }
        },
        "locations": [
          {
            "start": { "line": 1, "column": 0 },
            "end": { "line": 16, "column": -217 }
          }
        ]
      }
    },
    "b": { "0": [0] },
    "fnMap": {
      "0": {
        "name": "(empty-report)",
        "decl": {
          "start": { "line": 1, "column": 0 },
          "end": { "line": 16, "column": -217 }
        },
        "loc": {
          "start": { "line": 1, "column": 0 },
          "end": { "line": 16, "column": -217 }
        },
        "line": 1
      }
    },
    "f": { "0": 0 }
  },
  "C:\\Users\\BAHAR\\OneDrive\\Masaüstü\\github2\\Open-File-Box\\ui\\src\\main.tsx": {
    "path": "C:\\Users\\BAHAR\\OneDrive\\Masaüstü\\github2\\Open-File-Box\\ui\\src\\main.tsx",
    "all": true,
    "statementMap": {
      "0": {
        "start": { "line": 1, "column": 0 },
        "end": { "line": 1, "column": 34 }
      },
      "1": {
        "start": { "line": 2, "column": 0 },
        "end": { "line": 2, "column": 45 }
      },
      "2": {
        "start": { "line": 3, "column": 0 },
        "end": { "line": 3, "column": 27 }
      },
      "3": {
        "start": { "line": 4, "column": 0 },
        "end": { "line": 4, "column": 20 }
      },
      "6": {
        "start": { "line": 7, "column": 0 },
        "end": { "line": 7, "column": 52 }
      },
      "7": {
        "start": { "line": 8, "column": 0 },
        "end": { "line": 8, "column": 14 }
      },
      "8": {
        "start": { "line": 9, "column": 0 },
        "end": { "line": 9, "column": 11 }
      },
      "9": {
        "start": { "line": 10, "column": 0 },
        "end": { "line": 10, "column": 16 }
      },
      "10": {
        "start": { "line": 11, "column": 0 },
        "end": { "line": 11, "column": 1 }
      }
    },
    "s": {
      "0": 0,
      "1": 0,
      "2": 0,
      "3": 0,
      "6": 0,
      "7": 0,
      "8": 0,
      "9": 0,
      "10": 0
    },
    "branchMap": {
      "0": {
        "type": "branch",
        "line": 1,
        "loc": {
          "start": { "line": 1, "column": 240 },
          "end": { "line": 11, "column": 1 }
        },
        "locations": [
          {
            "start": { "line": 1, "column": 240 },
            "end": { "line": 11, "column": 1 }
          }
        ]
      }
    },
    "b": { "0": [0] },
    "fnMap": {
      "0": {
        "name": "(empty-report)",
        "decl": {
          "start": { "line": 1, "column": 240 },
          "end": { "line": 11, "column": 1 }
        },
        "loc": {
          "start": { "line": 1, "column": 240 },
          "end": { "line": 11, "column": 1 }
        },
        "line": 1
      }
    },
    "f": { "0": 0 }
  },
  "C:\\Users\\BAHAR\\OneDrive\\Masaüstü\\github2\\Open-File-Box\\ui\\src\\components\\Avatar.tsx": {
    "path": "C:\\Users\\BAHAR\\OneDrive\\Masaüstü\\github2\\Open-File-Box\\ui\\src\\components\\Avatar.tsx",
    "all": true,
    "statementMap": {
      "0": {
        "start": { "line": 1, "column": 0 },
        "end": { "line": 1, "column": 0 }
      },
      "2": {
        "start": { "line": 3, "column": 0 },
        "end": { "line": 3, "column": 22 }
      },
      "3": {
        "start": { "line": 4, "column": 0 },
        "end": { "line": 4, "column": 10 }
      },
      "4": {
        "start": { "line": 5, "column": 0 },
        "end": { "line": 5, "column": 36 }
      },
      "5": {
        "start": { "line": 6, "column": 0 },
        "end": { "line": 6, "column": 35 }
      },
      "6": {
        "start": { "line": 7, "column": 0 },
        "end": { "line": 7, "column": 71 }
      },
      "7": {
        "start": { "line": 8, "column": 0 },
        "end": { "line": 8, "column": 12 }
      },
      "8": {
        "start": { "line": 9, "column": 0 },
        "end": { "line": 9, "column": 10 }
      },
      "10": {
        "start": { "line": 11, "column": 0 },
        "end": { "line": 11, "column": 2 }
      },
      "12": {
        "start": { "line": 13, "column": 0 },
        "end": { "line": 13, "column": 22 }
      }
    },
    "s": {
      "0": 0,
      "2": 0,
      "3": 0,
      "4": 0,
      "5": 0,
      "6": 0,
      "7": 0,
      "8": 0,
      "10": 0,
      "12": 0
    },
    "branchMap": {
      "0": {
        "type": "branch",
        "line": 1,
        "loc": {
          "start": { "line": 1, "column": 0 },
          "end": { "line": 13, "column": -141 }
        },
        "locations": [
          {
            "start": { "line": 1, "column": 0 },
            "end": { "line": 13, "column": -141 }
          }
        ]
      }
    },
    "b": { "0": [0] },
    "fnMap": {
      "0": {
        "name": "(empty-report)",
        "decl": {
          "start": { "line": 1, "column": 0 },
          "end": { "line": 13, "column": -141 }
        },
        "loc": {
          "start": { "line": 1, "column": 0 },
          "end": { "line": 13, "column": -141 }
        },
        "line": 1
      }
    },
    "f": { "0": 0 }
  },
  "C:\\Users\\BAHAR\\OneDrive\\Masaüstü\\github2\\Open-File-Box\\ui\\src\\components\\Menu.tsx": {
    "path": "C:\\Users\\BAHAR\\OneDrive\\Masaüstü\\github2\\Open-File-Box\\ui\\src\\components\\Menu.tsx",
    "all": true,
    "statementMap": {
      "0": {
        "start": { "line": 1, "column": 0 },
        "end": { "line": 1, "column": 0 }
      },
      "1": {
        "start": { "line": 2, "column": 0 },
        "end": { "line": 2, "column": 34 }
      },
      "2": {
        "start": { "line": 3, "column": 0 },
        "end": { "line": 3, "column": 65 }
      },
      "4": {
        "start": { "line": 5, "column": 0 },
        "end": { "line": 5, "column": 20 }
      },
      "5": {
        "start": { "line": 6, "column": 0 },
        "end": { "line": 6, "column": 10 }
      },
      "6": {
        "start": { "line": 7, "column": 0 },
        "end": { "line": 7, "column": 33 }
      },
      "7": {
        "start": { "line": 8, "column": 0 },
        "end": { "line": 8, "column": 10 }
      },
      "8": {
        "start": { "line": 9, "column": 0 },
        "end": { "line": 9, "column": 60 }
      },
      "9": {
        "start": { "line": 10, "column": 0 },
        "end": { "line": 10, "column": 59 }
      },
      "10": {
        "start": { "line": 11, "column": 0 },
        "end": { "line": 11, "column": 60 }
      },
      "11": {
        "start": { "line": 12, "column": 0 },
        "end": { "line": 12, "column": 55 }
      },
      "12": {
        "start": { "line": 13, "column": 0 },
        "end": { "line": 13, "column": 11 }
      },
      "13": {
        "start": { "line": 14, "column": 0 },
        "end": { "line": 14, "column": 10 }
      },
      "15": {
        "start": { "line": 16, "column": 0 },
        "end": { "line": 16, "column": 2 }
      },
      "17": {
        "start": { "line": 18, "column": 0 },
        "end": { "line": 18, "column": 20 }
      }
    },
    "s": {
      "0": 0,
      "1": 0,
      "2": 0,
      "4": 0,
      "5": 0,
      "6": 0,
      "7": 0,
      "8": 0,
      "9": 0,
      "10": 0,
      "11": 0,
      "12": 0,
      "13": 0,
      "15": 0,
      "17": 0
    },
    "branchMap": {
      "0": {
        "type": "branch",
        "line": 1,
        "loc": {
          "start": { "line": 1, "column": 0 },
          "end": { "line": 18, "column": -284 }
        },
        "locations": [
          {
            "start": { "line": 1, "column": 0 },
            "end": { "line": 18, "column": -284 }
          }
        ]
      }
    },
    "b": { "0": [0] },
    "fnMap": {
      "0": {
        "name": "(empty-report)",
        "decl": {
          "start": { "line": 1, "column": 0 },
          "end": { "line": 18, "column": -284 }
        },
        "loc": {
          "start": { "line": 1, "column": 0 },
          "end": { "line": 18, "column": -284 }
        },
        "line": 1
      }
    },
    "f": { "0": 0 }
  },
  "C:\\Users\\BAHAR\\OneDrive\\Masaüstü\\github2\\Open-File-Box\\ui\\src\\components\\MenuItem.tsx": {
    "path": "C:\\Users\\BAHAR\\OneDrive\\Masaüstü\\github2\\Open-File-Box\\ui\\src\\components\\MenuItem.tsx",
    "all": true,
    "statementMap": {
      "0": {
        "start": { "line": 1, "column": 0 },
        "end": { "line": 1, "column": 26 }
      },
      "8": {
        "start": { "line": 9, "column": 0 },
        "end": { "line": 9, "column": 81 }
      },
      "9": {
        "start": { "line": 10, "column": 0 },
        "end": { "line": 10, "column": 10 }
      },
      "10": {
        "start": { "line": 11, "column": 0 },
        "end": { "line": 11, "column": 60 }
      },
      "11": {
        "start": { "line": 12, "column": 0 },
        "end": { "line": 12, "column": 12 }
      },
      "12": {
        "start": { "line": 13, "column": 0 },
        "end": { "line": 13, "column": 25 }
      },
      "13": {
        "start": { "line": 14, "column": 0 },
        "end": { "line": 14, "column": 9 }
      },
      "15": {
        "start": { "line": 16, "column": 0 },
        "end": { "line": 16, "column": 2 }
      },
      "17": {
        "start": { "line": 18, "column": 0 },
        "end": { "line": 18, "column": 24 }
      }
    },
    "s": {
      "0": 0,
      "8": 0,
      "9": 0,
      "10": 0,
      "11": 0,
      "12": 0,
      "13": 0,
      "15": 0,
      "17": 0
    },
    "branchMap": {
      "0": {
        "type": "branch",
        "line": 1,
        "loc": {
          "start": { "line": 1, "column": 0 },
          "end": { "line": 19, "column": -69 }
        },
        "locations": [
          {
            "start": { "line": 1, "column": 0 },
            "end": { "line": 19, "column": -69 }
          }
        ]
      }
    },
    "b": { "0": [0] },
    "fnMap": {
      "0": {
        "name": "(empty-report)",
        "decl": {
          "start": { "line": 1, "column": 0 },
          "end": { "line": 19, "column": -69 }
        },
        "loc": {
          "start": { "line": 1, "column": 0 },
          "end": { "line": 19, "column": -69 }
        },
        "line": 1
      }
    },
    "f": { "0": 0 }
  },
  "C:\\Users\\BAHAR\\OneDrive\\Masaüstü\\github2\\Open-File-Box\\ui\\src\\components\\MobileMenu.tsx": {
    "path": "C:\\Users\\BAHAR\\OneDrive\\Masaüstü\\github2\\Open-File-Box\\ui\\src\\components\\MobileMenu.tsx",
    "all": true,
    "statementMap": {
      "0": {
        "start": { "line": 1, "column": 0 },
        "end": { "line": 1, "column": 26 }
      },
      "7": {
        "start": { "line": 8, "column": 0 },
        "end": { "line": 8, "column": 67 }
      },
      "8": {
        "start": { "line": 9, "column": 0 },
        "end": { "line": 9, "column": 10 }
      },
      "9": {
        "start": { "line": 10, "column": 0 },
        "end": { "line": 10, "column": 31 }
      },
      "10": {
        "start": { "line": 11, "column": 0 },
        "end": { "line": 11, "column": 12 }
      },
      "11": {
        "start": { "line": 12, "column": 0 },
        "end": { "line": 12, "column": 25 }
      },
      "12": {
        "start": { "line": 13, "column": 0 },
        "end": { "line": 13, "column": 10 }
      },
      "14": {
        "start": { "line": 15, "column": 0 },
        "end": { "line": 15, "column": 2 }
      },
      "16": {
        "start": { "line": 17, "column": 0 },
        "end": { "line": 17, "column": 26 }
      }
    },
    "s": {
      "0": 0,
      "7": 0,
      "8": 0,
      "9": 0,
      "10": 0,
      "11": 0,
      "12": 0,
      "14": 0,
      "16": 0
    },
    "branchMap": {
      "0": {
        "type": "branch",
        "line": 1,
        "loc": {
          "start": { "line": 1, "column": 0 },
          "end": { "line": 17, "column": -44 }
        },
        "locations": [
          {
            "start": { "line": 1, "column": 0 },
            "end": { "line": 17, "column": -44 }
          }
        ]
      }
    },
    "b": { "0": [0] },
    "fnMap": {
      "0": {
        "name": "(empty-report)",
        "decl": {
          "start": { "line": 1, "column": 0 },
          "end": { "line": 17, "column": -44 }
        },
        "loc": {
          "start": { "line": 1, "column": 0 },
          "end": { "line": 17, "column": -44 }
        },
        "line": 1
      }
    },
    "f": { "0": 0 }
  },
  "C:\\Users\\BAHAR\\OneDrive\\Masaüstü\\github2\\Open-File-Box\\ui\\src\\components\\MobileMenuContainer.tsx": {
    "path": "C:\\Users\\BAHAR\\OneDrive\\Masaüstü\\github2\\Open-File-Box\\ui\\src\\components\\MobileMenuContainer.tsx",
    "all": true,
    "statementMap": {
      "0": {
        "start": { "line": 1, "column": 0 },
        "end": { "line": 1, "column": 38 }
      },
      "1": {
        "start": { "line": 2, "column": 0 },
        "end": { "line": 2, "column": 88 }
      },
      "3": {
        "start": { "line": 4, "column": 0 },
        "end": { "line": 4, "column": 35 }
      },
      "4": {
        "start": { "line": 5, "column": 0 },
        "end": { "line": 5, "column": 10 }
      },
      "5": {
        "start": { "line": 6, "column": 0 },
        "end": { "line": 6, "column": 36 }
      },
      "6": {
        "start": { "line": 7, "column": 0 },
        "end": { "line": 7, "column": 56 }
      },
      "7": {
        "start": { "line": 8, "column": 0 },
        "end": { "line": 8, "column": 54 }
      },
      "8": {
        "start": { "line": 9, "column": 0 },
        "end": { "line": 9, "column": 10 }
      },
      "10": {
        "start": { "line": 11, "column": 0 },
        "end": { "line": 11, "column": 2 }
      },
      "12": {
        "start": { "line": 13, "column": 0 },
        "end": { "line": 13, "column": 35 }
      }
    },
    "s": {
      "0": 0,
      "1": 0,
      "3": 0,
      "4": 0,
      "5": 0,
      "6": 0,
      "7": 0,
      "8": 0,
      "10": 0,
      "12": 0
    },
    "branchMap": {
      "0": {
        "type": "branch",
        "line": 1,
        "loc": {
          "start": { "line": 1, "column": 0 },
          "end": { "line": 13, "column": -171 }
        },
        "locations": [
          {
            "start": { "line": 1, "column": 0 },
            "end": { "line": 13, "column": -171 }
          }
        ]
      }
    },
    "b": { "0": [0] },
    "fnMap": {
      "0": {
        "name": "(empty-report)",
        "decl": {
          "start": { "line": 1, "column": 0 },
          "end": { "line": 13, "column": -171 }
        },
        "loc": {
          "start": { "line": 1, "column": 0 },
          "end": { "line": 13, "column": -171 }
        },
        "line": 1
      }
    },
    "f": { "0": 0 }
  },
  "C:\\Users\\BAHAR\\OneDrive\\Masaüstü\\github2\\Open-File-Box\\ui\\src\\components\\SideBar.tsx": {
    "path": "C:\\Users\\BAHAR\\OneDrive\\Masaüstü\\github2\\Open-File-Box\\ui\\src\\components\\SideBar.tsx",
    "all": true,
    "statementMap": {
      "0": {
        "start": { "line": 1, "column": 0 },
        "end": { "line": 1, "column": 0 }
      },
      "1": {
        "start": { "line": 2, "column": 0 },
        "end": { "line": 2, "column": 30 }
      },
      "2": {
        "start": { "line": 3, "column": 0 },
        "end": { "line": 3, "column": 26 }
      },
      "3": {
        "start": { "line": 4, "column": 0 },
        "end": { "line": 4, "column": 56 }
      },
      "5": {
        "start": { "line": 6, "column": 0 },
        "end": { "line": 6, "column": 23 }
      },
      "6": {
        "start": { "line": 7, "column": 0 },
        "end": { "line": 7, "column": 10 }
      },
      "7": {
        "start": { "line": 8, "column": 0 },
        "end": { "line": 8, "column": 31 }
      },
      "8": {
        "start": { "line": 9, "column": 0 },
        "end": { "line": 9, "column": 16 }
      },
      "9": {
        "start": { "line": 10, "column": 0 },
        "end": { "line": 10, "column": 14 }
      },
      "10": {
        "start": { "line": 11, "column": 0 },
        "end": { "line": 11, "column": 29 }
      },
      "11": {
        "start": { "line": 12, "column": 0 },
        "end": { "line": 12, "column": 12 }
      },
      "13": {
        "start": { "line": 14, "column": 0 },
        "end": { "line": 14, "column": 2 }
      },
      "15": {
        "start": { "line": 16, "column": 0 },
        "end": { "line": 16, "column": 23 }
      }
    },
    "s": {
      "0": 0,
      "1": 0,
      "2": 0,
      "3": 0,
      "5": 0,
      "6": 0,
      "7": 0,
      "8": 0,
      "9": 0,
      "10": 0,
      "11": 0,
      "13": 0,
      "15": 0
    },
    "branchMap": {
      "0": {
        "type": "branch",
        "line": 1,
        "loc": {
          "start": { "line": 1, "column": 306 },
          "end": { "line": 16, "column": 23 }
        },
        "locations": [
          {
            "start": { "line": 1, "column": 306 },
            "end": { "line": 16, "column": 23 }
          }
        ]
      }
    },
    "b": { "0": [0] },
    "fnMap": {
      "0": {
        "name": "(empty-report)",
        "decl": {
          "start": { "line": 1, "column": 306 },
          "end": { "line": 16, "column": 23 }
        },
        "loc": {
          "start": { "line": 1, "column": 306 },
          "end": { "line": 16, "column": 23 }
        },
        "line": 1
      }
    },
    "f": { "0": 0 }
  }
}
